( -332856 microsec )
( 252 microsec )
( 250 microsec )
( 242 microsec )
( 250 microsec )
( 242 microsec )
( 226 microsec )
( 226 microsec )
( 232 microsec )
( 238 microsec )
( 446 microsec )
( 228 microsec )
( 244 microsec )
( 226 microsec )
( 234 microsec )
( 234 microsec )
( 10 microsec )
( 214 microsec )
( 264 microsec )
( 238 microsec )
( 234 microsec )
( 252 microsec )
( 226 microsec )
( 304 microsec )
( 234 microsec )
( 540 microsec )
( 526 microsec )
( 10 microsec )
( 28 microsec )
( 16 microsec )
( 24 microsec )
( 16 microsec )
( 12 microsec )
( 10 microsec )
( 10 microsec )
( 8 microsec )
( 8 microsec )
( 10 microsec )
( 6 microsec )
( 2 microsec )
( 20 microsec )
( 12 microsec )
( 8 microsec )
( 6 microsec )
( 246 microsec )
( 234 microsec )
