( -229270 microsec )
( 372 microsec )
( 374 microsec )
( 318 microsec )
( 538 microsec )
( 532 microsec )
( 380 microsec )
( 260 microsec )
( 272 microsec )
( 252 microsec )
( 462 microsec )
( 254 microsec )
( 248 microsec )
( 244 microsec )
( 246 microsec )
( 244 microsec )
( 10 microsec )
( 276 microsec )
( 292 microsec )
( 236 microsec )
( 302 microsec )
( 304 microsec )
( 890 microsec )
( 280 microsec )
( 284 microsec )
( 28 microsec )
( 16 microsec )
( 8 microsec )
( 20 microsec )
( 12 microsec )
( 10 microsec )
( 8 microsec )
( 14 microsec )
( 18 microsec )
( 10 microsec )
( 12 microsec )
( 8 microsec )
( 10 microsec )
( 8 microsec )
( 0 microsec )
( 28 microsec )
( 6 microsec )
( 4 microsec )
( 4 microsec )
( 262 microsec )
( 240 microsec )
