7c7
< ( -1063596 microsec )
---
> ( 1607546 microsec )
18c18
< ( 228 microsec )
---
> ( 244 microsec )
25c25
< 3 and 3
---
> 0 and 3
34c34
< ( 446 microsec )
---
> ( 216 microsec )
42c42
< ( 338 microsec )
---
> ( 224 microsec )
50c50
< ( 370 microsec )
---
> ( 230 microsec )
58c58
< ( 360 microsec )
---
> ( 244 microsec )
66c66
< ( 302 microsec )
---
> ( 246 microsec )
74c74
< ( 272 microsec )
---
> ( 242 microsec )
82c82
< ( 296 microsec )
---
> ( 218 microsec )
91c91
< ( 544 microsec )
---
> ( 456 microsec )
99c99
< ( 230 microsec )
---
> ( 222 microsec )
107c107
< ( 210 microsec )
---
> ( 218 microsec )
114c114
< ( 230 microsec )
---
> ( 214 microsec )
122c122
< ( 212 microsec )
---
> ( 214 microsec )
130c130
< ( 212 microsec )
---
> ( 690 microsec )
137c137
< ( 10 microsec )
---
> ( 26 microsec )
144c144
< ( 222 microsec )
---
> ( 258 microsec )
152c152
< ( 222 microsec )
---
> ( 280 microsec )
160c160
< ( 222 microsec )
---
> ( 328 microsec )
168c168
< ( 216 microsec )
---
> ( 308 microsec )
176c176
< ( 222 microsec )
---
> ( 234 microsec )
191c191
< ( 220 microsec )
---
> ( 278 microsec )
199c199
< ( 288 microsec )
---
> ( 214 microsec )
211c211
< ( 26 microsec )
---
> ( 20 microsec )
223c223
< ( 16 microsec )
---
> ( 12 microsec )
234c234
< ( 6 microsec )
---
> ( 8 microsec )
245c245
< ( 22 microsec )
---
> ( 20 microsec )
268c268
< ( 12 microsec )
---
> ( 10 microsec )
281c281
< ( 14 microsec )
---
> ( 10 microsec )
294c294
< ( 8 microsec )
---
> ( 10 microsec )
314c314
< ( 6 microsec )
---
> ( 8 microsec )
324c324
< ( 10 microsec )
---
> ( 8 microsec )
345c345
< ( 12 microsec )
---
> ( 10 microsec )
353c353
< ( 6 microsec )
---
> ( 10 microsec )
373c373
< ( 30 microsec )
---
> ( 16 microsec )
389c389
< ( 6 microsec )
---
> ( 8 microsec )
396c396
< ( 4 microsec )
---
> ( 6 microsec )
403c403
< ( 246 microsec )
---
> ( 210 microsec )
410c410
< ( 242 microsec )
---
> ( 234 microsec )
